2022-03-29 08:16:02[29-Mar-2022 08:16:02 Europe/Berlin] 2022/03/29 08:16:02
[29-Mar-2022 08:16:02 Europe/Berlin] Started==============================================
[29-Mar-2022 08:16:03 Europe/Berlin] Data updated successfully with status 1(in process) into tbl_social_blade_master of Louis Vuitton 2022 for channel Louis Vuitton at id 1
[29-Mar-2022 08:16:04 Europe/Berlin] Data inserted successfully into tbl_social_blade_yt_chnls_daily_data of Louis Vuitton 2022 for channel Louis Vuitton
[29-Mar-2022 08:16:04 Europe/Berlin] Status updated successfully to 2(in process) for Louis Vuitton 2022 for channel Louis Vuitton at id 1 into tbl_social_blade_master
[29-Mar-2022 08:16:04 Europe/Berlin] Data inserted successfully into tbl_social_blade_yt_chnls_statistics_ranks_growth_data of Louis Vuitton 2022 for channel Louis Vuitton
[29-Mar-2022 08:16:04 Europe/Berlin] Status updated successfully to 3(completed) for Louis Vuitton 2022 for channel Louis Vuitton at id 1 into tbl_social_blade_master
[29-Mar-2022 08:16:05 Europe/Berlin] Data updated successfully with status 1(in process) into tbl_social_blade_master of Louis Vuitton 2022 for channel louisvuitton at id 2
[29-Mar-2022 08:16:05 Europe/Berlin] Data inserted successfully into tbl_social_blade_ig_chnls_daily_data of Louis Vuitton 2022 for channel louisvuitton
[29-Mar-2022 08:16:05 Europe/Berlin] Status updated successfully to 2(in process) for Louis Vuitton 2022 for channel louisvuitton at id 2 into tbl_social_blade_master
[29-Mar-2022 08:16:05 Europe/Berlin] Data inserted successfully into tbl_social_blade_ig_chnls_statistics_ranks_growth_data of Louis Vuitton 2022 for channel louisvuitton
[29-Mar-2022 08:16:05 Europe/Berlin] Status updated successfully to 3(completed) for Louis Vuitton 2022 for channel louisvuitton at id 2 into tbl_social_blade_master
[29-Mar-2022 08:16:06 Europe/Berlin] Data updated successfully with status 1(in process) into tbl_social_blade_master of Louis Vuitton 2022 for channel louisvuitton at id 3
[29-Mar-2022 08:16:07 Europe/Berlin] Data inserted successfully into tbl_social_blade_tt_chnls_daily_data of Louis Vuitton 2022 for channel louisvuitton
[29-Mar-2022 08:16:07 Europe/Berlin] Status updated successfully to 2(in process) for Louis Vuitton 2022 for channel louisvuitton at id 3 into tbl_social_blade_master
[29-Mar-2022 08:16:07 Europe/Berlin] Data inserted successfully into tbl_social_blade_tt_chnls_statistics_ranks_growth_data of Louis Vuitton 2022 for channel louisvuitton
[29-Mar-2022 08:16:07 Europe/Berlin] Status updated successfully to 3(completed) for Louis Vuitton 2022 for channel louisvuitton at id 3 into tbl_social_blade_master
[29-Mar-2022 08:16:09 Europe/Berlin] Data updated successfully with status 1(in process) into tbl_social_blade_master of Louis Vuitton 2022 for channel LouisVuitton at id 4
[29-Mar-2022 08:16:09 Europe/Berlin] Data inserted successfully into tbl_social_blade_twt_chnls_daily_data of Louis Vuitton 2022 for channel LouisVuitton
[29-Mar-2022 08:16:09 Europe/Berlin] Status updated successfully to 2(in process) for Louis Vuitton 2022 for channel LouisVuitton at id 4 into tbl_social_blade_master
[29-Mar-2022 08:16:09 Europe/Berlin] Data inserted successfully into tbl_social_blade_twt_chnls_statistics_ranks_growth_data of Louis Vuitton 2022 for channel LouisVuitton
[29-Mar-2022 08:16:09 Europe/Berlin] Status updated successfully to 3(completed) for Louis Vuitton 2022 for channel LouisVuitton at id 4 into tbl_social_blade_master
[29-Mar-2022 08:16:09 Europe/Berlin] 2022/03/29 08:16:09
[29-Mar-2022 08:16:09 Europe/Berlin] Ended==============================================
[29-Mar-2022 08:20:42 Europe/Berlin] 2022/03/29 08:20:42
[29-Mar-2022 08:20:42 Europe/Berlin] Started==============================================
[29-Mar-2022 08:20:43 Europe/Berlin] Data updated successfully with status 1(in process) into tbl_social_blade_master of Louis Vuitton 2022 for channel Louis Vuitton at id 1
[29-Mar-2022 08:20:43 Europe/Berlin] Data inserted successfully into tbl_social_blade_yt_chnls_daily_data of Louis Vuitton 2022 for channel Louis Vuitton
[29-Mar-2022 08:20:43 Europe/Berlin] Status updated successfully to 2(in process) for Louis Vuitton 2022 for channel Louis Vuitton at id 1 into tbl_social_blade_master
[29-Mar-2022 08:20:43 Europe/Berlin] Data inserted successfully into tbl_social_blade_yt_chnls_statistics_ranks_growth_data of Louis Vuitton 2022 for channel Louis Vuitton
[29-Mar-2022 08:20:43 Europe/Berlin] Status updated successfully to 3(completed) for Louis Vuitton 2022 for channel Louis Vuitton at id 1 into tbl_social_blade_master
[29-Mar-2022 08:20:43 Europe/Berlin] 2022/03/29 08:20:43
[29-Mar-2022 08:20:43 Europe/Berlin] Ended==============================================
[29-Mar-2022 08:25:26 Europe/Berlin] 2022/03/29 08:25:26
[29-Mar-2022 08:25:26 Europe/Berlin] Started==============================================
[29-Mar-2022 08:25:27 Europe/Berlin] Data updated successfully with status 1(in process) into tbl_social_blade_master of Louis Vuitton 2022 for channel Louis Vuitton at id 1
[29-Mar-2022 08:25:27 Europe/Berlin] Data inserted successfully into tbl_social_blade_yt_chnls_daily_data of Louis Vuitton 2022 for channel Louis Vuitton
[29-Mar-2022 08:25:28 Europe/Berlin] Status updated successfully to 2(in process) for Louis Vuitton 2022 for channel Louis Vuitton at id 1 into tbl_social_blade_master
[29-Mar-2022 08:25:28 Europe/Berlin] Data inserted successfully into tbl_social_blade_yt_chnls_statistics_ranks_growth_data of Louis Vuitton 2022 for channel Louis Vuitton
[29-Mar-2022 08:25:28 Europe/Berlin] Status updated successfully to 3(completed) for Louis Vuitton 2022 for channel Louis Vuitton at id 1 into tbl_social_blade_master
[29-Mar-2022 08:25:28 Europe/Berlin] 2022/03/29 08:25:28
[29-Mar-2022 08:25:28 Europe/Berlin] Ended==============================================
[29-Mar-2022 08:30:29 Europe/Berlin] 2022/03/29 08:30:29
[29-Mar-2022 08:30:29 Europe/Berlin] Started==============================================
[29-Mar-2022 08:30:30 Europe/Berlin] Data updated successfully with status 1(in process) into tbl_social_blade_master of Louis Vuitton 2022 for channel louisvuitton at id 2
[29-Mar-2022 08:30:30 Europe/Berlin] Data inserted successfully into tbl_social_blade_ig_chnls_daily_data of Louis Vuitton 2022 for channel louisvuitton
[29-Mar-2022 08:30:30 Europe/Berlin] Status updated successfully to 2(in process) for Louis Vuitton 2022 for channel louisvuitton at id 2 into tbl_social_blade_master
[29-Mar-2022 08:30:30 Europe/Berlin] Data inserted successfully into tbl_social_blade_ig_chnls_statistics_ranks_growth_data of Louis Vuitton 2022 for channel louisvuitton
[29-Mar-2022 08:30:31 Europe/Berlin] Status updated successfully to 3(completed) for Louis Vuitton 2022 for channel louisvuitton at id 2 into tbl_social_blade_master
[29-Mar-2022 08:30:31 Europe/Berlin] 2022/03/29 08:30:31
[29-Mar-2022 08:30:31 Europe/Berlin] Ended==============================================
[29-Mar-2022 08:35:51 Europe/Berlin] 2022/03/29 08:35:51
[29-Mar-2022 08:35:51 Europe/Berlin] Started==============================================
[29-Mar-2022 08:35:52 Europe/Berlin] Data updated successfully with status 1(in process) into tbl_social_blade_master of Louis Vuitton 2022 for channel louisvuitton at id 3
[29-Mar-2022 08:35:52 Europe/Berlin] Data inserted successfully into tbl_social_blade_tt_chnls_daily_data of Louis Vuitton 2022 for channel louisvuitton
[29-Mar-2022 08:35:52 Europe/Berlin] Status updated successfully to 2(in process) for Louis Vuitton 2022 for channel louisvuitton at id 3 into tbl_social_blade_master
[29-Mar-2022 08:35:52 Europe/Berlin] Data inserted successfully into tbl_social_blade_tt_chnls_statistics_ranks_growth_data of Louis Vuitton 2022 for channel louisvuitton
[29-Mar-2022 08:35:52 Europe/Berlin] Status updated successfully to 3(completed) for Louis Vuitton 2022 for channel louisvuitton at id 3 into tbl_social_blade_master
[29-Mar-2022 08:35:52 Europe/Berlin] 2022/03/29 08:35:52
[29-Mar-2022 08:35:52 Europe/Berlin] Ended==============================================
[29-Mar-2022 08:38:45 Europe/Berlin] 2022/03/29 08:38:45
[29-Mar-2022 08:38:45 Europe/Berlin] Started==============================================
[29-Mar-2022 08:38:46 Europe/Berlin] Data updated successfully with status 1(in process) into tbl_social_blade_master of Louis Vuitton 2022 for channel LouisVuitton at id 4
[29-Mar-2022 08:38:46 Europe/Berlin] Data inserted successfully into tbl_social_blade_twt_chnls_daily_data of Louis Vuitton 2022 for channel LouisVuitton
[29-Mar-2022 08:38:46 Europe/Berlin] Status updated successfully to 2(in process) for Louis Vuitton 2022 for channel LouisVuitton at id 4 into tbl_social_blade_master
[29-Mar-2022 08:38:46 Europe/Berlin] Data inserted successfully into tbl_social_blade_twt_chnls_statistics_ranks_growth_data of Louis Vuitton 2022 for channel LouisVuitton
[29-Mar-2022 08:38:46 Europe/Berlin] Status updated successfully to 3(completed) for Louis Vuitton 2022 for channel LouisVuitton at id 4 into tbl_social_blade_master
[29-Mar-2022 08:38:46 Europe/Berlin] 2022/03/29 08:38:46
[29-Mar-2022 08:38:46 Europe/Berlin] Ended==============================================
[29-Mar-2022 08:41:51 Europe/Berlin] 2022/03/29 08:41:51
[29-Mar-2022 08:41:51 Europe/Berlin] Started==============================================
[29-Mar-2022 08:41:52 Europe/Berlin] Data updated successfully with status 1(in process) into tbl_social_blade_master of Louis Vuitton 2022 for channel Louis Vuitton at id 1
[29-Mar-2022 08:41:52 Europe/Berlin] Data inserted successfully into tbl_social_blade_yt_chnls_daily_data of Louis Vuitton 2022 for channel Louis Vuitton
[29-Mar-2022 08:41:52 Europe/Berlin] Status updated successfully to 2(in process) for Louis Vuitton 2022 for channel Louis Vuitton at id 1 into tbl_social_blade_master
[29-Mar-2022 08:41:52 Europe/Berlin] Data inserted successfully into tbl_social_blade_yt_chnls_statistics_ranks_growth_data of Louis Vuitton 2022 for channel Louis Vuitton
[29-Mar-2022 08:41:52 Europe/Berlin] Status updated successfully to 3(completed) for Louis Vuitton 2022 for channel Louis Vuitton at id 1 into tbl_social_blade_master
[29-Mar-2022 08:41:54 Europe/Berlin] Data updated successfully with status 1(in process) into tbl_social_blade_master of Louis Vuitton 2022 for channel louisvuitton at id 2
[29-Mar-2022 08:41:54 Europe/Berlin] Data inserted successfully into tbl_social_blade_ig_chnls_daily_data of Louis Vuitton 2022 for channel louisvuitton
[29-Mar-2022 08:41:54 Europe/Berlin] Status updated successfully to 2(in process) for Louis Vuitton 2022 for channel louisvuitton at id 2 into tbl_social_blade_master
[29-Mar-2022 08:41:55 Europe/Berlin] Data inserted successfully into tbl_social_blade_ig_chnls_statistics_ranks_growth_data of Louis Vuitton 2022 for channel louisvuitton
[29-Mar-2022 08:41:55 Europe/Berlin] Status updated successfully to 3(completed) for Louis Vuitton 2022 for channel louisvuitton at id 2 into tbl_social_blade_master
[29-Mar-2022 08:41:55 Europe/Berlin] Data updated successfully with status 1(in process) into tbl_social_blade_master of Louis Vuitton 2022 for channel louisvuitton at id 3
[29-Mar-2022 08:41:55 Europe/Berlin] Data inserted successfully into tbl_social_blade_tt_chnls_daily_data of Louis Vuitton 2022 for channel louisvuitton
[29-Mar-2022 08:41:56 Europe/Berlin] Status updated successfully to 2(in process) for Louis Vuitton 2022 for channel louisvuitton at id 3 into tbl_social_blade_master
[29-Mar-2022 08:41:56 Europe/Berlin] Data inserted successfully into tbl_social_blade_tt_chnls_statistics_ranks_growth_data of Louis Vuitton 2022 for channel louisvuitton
[29-Mar-2022 08:41:56 Europe/Berlin] Status updated successfully to 3(completed) for Louis Vuitton 2022 for channel louisvuitton at id 3 into tbl_social_blade_master
[29-Mar-2022 08:41:56 Europe/Berlin] Data updated successfully with status 1(in process) into tbl_social_blade_master of Louis Vuitton 2022 for channel LouisVuitton at id 4
[29-Mar-2022 08:41:57 Europe/Berlin] Data inserted successfully into tbl_social_blade_twt_chnls_daily_data of Louis Vuitton 2022 for channel LouisVuitton
[29-Mar-2022 08:41:57 Europe/Berlin] Status updated successfully to 2(in process) for Louis Vuitton 2022 for channel LouisVuitton at id 4 into tbl_social_blade_master
[29-Mar-2022 08:41:57 Europe/Berlin] Data inserted successfully into tbl_social_blade_twt_chnls_statistics_ranks_growth_data of Louis Vuitton 2022 for channel LouisVuitton
[29-Mar-2022 08:41:57 Europe/Berlin] Status updated successfully to 3(completed) for Louis Vuitton 2022 for channel LouisVuitton at id 4 into tbl_social_blade_master
[29-Mar-2022 08:41:57 Europe/Berlin] 2022/03/29 08:41:57
[29-Mar-2022 08:41:57 Europe/Berlin] Ended==============================================
